0 info it worked if it ends with ok
1 verbose cli [ 'node', '/usr/local/bin/npm', 'install', '-g', 'requirejs' ]
2 info using npm@1.4.14
3 info using node@v0.10.29
4 verbose cache add [ 'requirejs', null ]
5 verbose cache add name=undefined spec="requirejs" args=["requirejs",null]
6 verbose parsed url { protocol: null,
6 verbose parsed url   slashes: null,
6 verbose parsed url   auth: null,
6 verbose parsed url   host: null,
6 verbose parsed url   port: null,
6 verbose parsed url   hostname: null,
6 verbose parsed url   hash: null,
6 verbose parsed url   search: null,
6 verbose parsed url   query: null,
6 verbose parsed url   pathname: 'requirejs',
6 verbose parsed url   path: 'requirejs',
6 verbose parsed url   href: 'requirejs' }
7 silly lockFile f2b16c35-requirejs requirejs
8 verbose lock requirejs /Users/a2014103/.npm/f2b16c35-requirejs.lock
9 silly lockFile f2b16c35-requirejs requirejs
10 silly lockFile f2b16c35-requirejs requirejs
11 verbose addNamed [ 'requirejs', '' ]
12 verbose addNamed [ null, '*' ]
13 silly lockFile e9b02655-requirejs requirejs@
14 verbose lock requirejs@ /Users/a2014103/.npm/e9b02655-requirejs.lock
15 silly addNameRange { name: 'requirejs', range: '*', hasData: false }
16 verbose url raw requirejs
17 verbose url resolving [ 'https://registry.npmjs.org/', './requirejs' ]
18 verbose url resolved https://registry.npmjs.org/requirejs
19 info trying registry request attempt 1 at 16:34:15
20 http GET https://registry.npmjs.org/requirejs
21 http 200 https://registry.npmjs.org/requirejs
22 silly registry.get cb [ 200,
22 silly registry.get   { server: 'CouchDB/1.5.0 (Erlang OTP/R16B03)',
22 silly registry.get     etag: '"ANEYZ8CMJ58040C5V6Y5KSVSJ"',
22 silly registry.get     'content-type': 'application/json',
22 silly registry.get     'cache-control': 'max-age=60',
22 silly registry.get     'content-length': '39273',
22 silly registry.get     'accept-ranges': 'bytes',
22 silly registry.get     date: 'Fri, 12 Jun 2015 08:34:16 GMT',
22 silly registry.get     via: '1.1 varnish',
22 silly registry.get     age: '13',
22 silly registry.get     connection: 'keep-alive',
22 silly registry.get     'x-served-by': 'cache-lax1428-LAX',
22 silly registry.get     'x-cache': 'HIT',
22 silly registry.get     'x-cache-hits': '1',
22 silly registry.get     'x-timer': 'S1434098056.412397,VS0,VE0',
22 silly registry.get     vary: 'Accept' } ]
23 silly addNameRange number 2 { name: 'requirejs', range: '*', hasData: true }
24 silly addNameRange versions [ 'requirejs',
24 silly addNameRange   [ '0.26.0',
24 silly addNameRange     '0.27.0',
24 silly addNameRange     '0.27.1',
24 silly addNameRange     '1.0.0',
24 silly addNameRange     '1.0.1',
24 silly addNameRange     '1.0.2',
24 silly addNameRange     '1.0.3',
24 silly addNameRange     '1.0.4',
24 silly addNameRange     '1.0.5',
24 silly addNameRange     '1.0.6',
24 silly addNameRange     '1.0.7',
24 silly addNameRange     '1.0.8',
24 silly addNameRange     '2.0.0',
24 silly addNameRange     '2.0.1',
24 silly addNameRange     '2.0.2',
24 silly addNameRange     '2.0.3',
24 silly addNameRange     '2.0.4',
24 silly addNameRange     '2.0.5',
24 silly addNameRange     '2.0.6',
24 silly addNameRange     '2.1.0',
24 silly addNameRange     '2.1.1',
24 silly addNameRange     '2.1.2',
24 silly addNameRange     '2.1.3',
24 silly addNameRange     '2.1.4',
24 silly addNameRange     '2.1.5',
24 silly addNameRange     '2.1.6',
24 silly addNameRange     '2.1.7',
24 silly addNameRange     '2.1.8',
24 silly addNameRange     '2.1.9',
24 silly addNameRange     '2.1.10',
24 silly addNameRange     '2.1.11',
24 silly addNameRange     '2.1.12',
24 silly addNameRange     '2.1.13',
24 silly addNameRange     '2.1.14',
24 silly addNameRange     '2.1.15',
24 silly addNameRange     '2.1.16',
24 silly addNameRange     '2.1.17',
24 silly addNameRange     '2.1.18' ] ]
25 verbose addNamed [ 'requirejs', '2.1.18' ]
26 verbose addNamed [ '2.1.18', '2.1.18' ]
27 silly lockFile 4313c4d7-requirejs-2-1-18 requirejs@2.1.18
28 verbose lock requirejs@2.1.18 /Users/a2014103/.npm/4313c4d7-requirejs-2-1-18.lock
29 silly lockFile 42305a4a-g-requirejs-requirejs-2-1-18-tgz https://registry.npmjs.org/requirejs/-/requirejs-2.1.18.tgz
30 verbose lock https://registry.npmjs.org/requirejs/-/requirejs-2.1.18.tgz /Users/a2014103/.npm/42305a4a-g-requirejs-requirejs-2-1-18-tgz.lock
31 verbose addRemoteTarball [ 'https://registry.npmjs.org/requirejs/-/requirejs-2.1.18.tgz',
31 verbose addRemoteTarball   '627181efb8b7d184a6533c9736a90a5a378ec43c' ]
32 info retry fetch attempt 1 at 16:34:17
33 verbose fetch to= /var/folders/yl/48vyz68d71xf_jb1f_6jdfv00000gn/T/npm-11228-JNfT5A6n/registry.npmjs.org/requirejs/-/requirejs-2.1.18.tgz
34 http GET https://registry.npmjs.org/requirejs/-/requirejs-2.1.18.tgz
35 http 200 https://registry.npmjs.org/requirejs/-/requirejs-2.1.18.tgz
36 silly lockFile 42305a4a-g-requirejs-requirejs-2-1-18-tgz https://registry.npmjs.org/requirejs/-/requirejs-2.1.18.tgz
37 silly lockFile 42305a4a-g-requirejs-requirejs-2-1-18-tgz https://registry.npmjs.org/requirejs/-/requirejs-2.1.18.tgz
38 silly lockFile 4313c4d7-requirejs-2-1-18 requirejs@2.1.18
39 silly lockFile 4313c4d7-requirejs-2-1-18 requirejs@2.1.18
40 silly lockFile e9b02655-requirejs requirejs@
41 silly lockFile e9b02655-requirejs requirejs@
42 silly resolved [ { name: 'requirejs',
42 silly resolved     description: 'Node adapter for RequireJS, for loading AMD modules. Includes RequireJS optimizer',
42 silly resolved     version: '2.1.18',
42 silly resolved     homepage: 'http://github.com/jrburke/r.js',
42 silly resolved     author:
42 silly resolved      { name: 'James Burke',
42 silly resolved        email: 'jrburke@gmail.com',
42 silly resolved        url: 'http://github.com/jrburke' },
42 silly resolved     licenses: [ [Object], [Object] ],
42 silly resolved     repository: { type: 'git', url: 'https://github.com/jrburke/r.js.git' },
42 silly resolved     main: './bin/r.js',
42 silly resolved     bin: { 'r.js': './bin/r.js' },
42 silly resolved     engines: { node: '>=0.4.0' },
42 silly resolved     bugs: { url: 'https://github.com/jrburke/r.js/issues' },
42 silly resolved     _id: 'requirejs@2.1.18',
42 silly resolved     scripts: {},
42 silly resolved     _shasum: '627181efb8b7d184a6533c9736a90a5a378ec43c',
42 silly resolved     _from: 'requirejs@',
42 silly resolved     _npmVersion: '1.4.28',
42 silly resolved     _npmUser: { name: 'jrburke', email: 'jrburke@gmail.com' },
42 silly resolved     maintainers: [ [Object] ],
42 silly resolved     dist:
42 silly resolved      { shasum: '627181efb8b7d184a6533c9736a90a5a378ec43c',
42 silly resolved        tarball: 'http://registry.npmjs.org/requirejs/-/requirejs-2.1.18.tgz' },
42 silly resolved     directories: {},
42 silly resolved     _resolved: 'https://registry.npmjs.org/requirejs/-/requirejs-2.1.18.tgz' } ]
43 info install requirejs@2.1.18 into /usr/local/lib
44 info installOne requirejs@2.1.18
45 info /usr/local/lib/node_modules/requirejs unbuild
46 verbose tar unpack /Users/a2014103/.npm/requirejs/2.1.18/package.tgz
47 silly lockFile 1e7b7797-local-lib-node-modules-requirejs tar:///usr/local/lib/node_modules/requirejs
48 verbose lock tar:///usr/local/lib/node_modules/requirejs /Users/a2014103/.npm/1e7b7797-local-lib-node-modules-requirejs.lock
49 silly lockFile 8aefb256-npm-requirejs-2-1-18-package-tgz tar:///Users/a2014103/.npm/requirejs/2.1.18/package.tgz
50 verbose lock tar:///Users/a2014103/.npm/requirejs/2.1.18/package.tgz /Users/a2014103/.npm/8aefb256-npm-requirejs-2-1-18-package-tgz.lock
51 silly gunzTarPerm modes [ '755', '644' ]
52 error Error: EACCES, mkdir '/usr/local/lib/node_modules/requirejs'
52 error  { [Error: EACCES, mkdir '/usr/local/lib/node_modules/requirejs']
52 error   errno: 3,
52 error   code: 'EACCES',
52 error   path: '/usr/local/lib/node_modules/requirejs',
52 error   fstream_type: 'Directory',
52 error   fstream_path: '/usr/local/lib/node_modules/requirejs',
52 error   fstream_class: 'DirWriter',
52 error   fstream_stack:
52 error    [ '/usr/local/lib/node_modules/npm/node_modules/fstream/lib/dir-writer.js:36:23',
52 error      '/usr/local/lib/node_modules/npm/node_modules/mkdirp/index.js:37:53',
52 error      'Object.oncomplete (fs.js:107:15)' ] }
53 error Please try running this command again as root/Administrator.
54 error System Darwin 13.1.0
55 error command "node" "/usr/local/bin/npm" "install" "-g" "requirejs"
56 error cwd /Users/a2014103/Desktop/DQ_Exercise/require-js
57 error node -v v0.10.29
58 error npm -v 1.4.14
59 error path /usr/local/lib/node_modules/requirejs
60 error fstream_path /usr/local/lib/node_modules/requirejs
61 error fstream_type Directory
62 error fstream_class DirWriter
63 error code EACCES
64 error errno 3
65 error stack Error: EACCES, mkdir '/usr/local/lib/node_modules/requirejs'
66 error fstream_stack /usr/local/lib/node_modules/npm/node_modules/fstream/lib/dir-writer.js:36:23
66 error fstream_stack /usr/local/lib/node_modules/npm/node_modules/mkdirp/index.js:37:53
66 error fstream_stack Object.oncomplete (fs.js:107:15)
67 verbose exit [ 3, true ]
